# JRE version: OpenJDK Runtime Environment (11.0.10) (build 11.0.10+0-b96-7249189)
# Java VM: OpenJDK 64-Bit Server VM (11.0.10+0-b96-7249189, mixed mode, tiered, compressed oops, g1 gc, windows-amd64)
Heap:
 garbage-first heap   total 328704K, used 218578K [0x0000000080000000, 0x0000000100000000)
  region size 1024K, 29 young (29696K), 5 survivors (5120K)
 Metaspace       used 136948K, capacity 140888K, committed 141004K, reserved 1171456K
  class space    used 16865K, capacity 18370K, committed 18380K, reserved 1048576K
GC Heap History (20 events):
Event: 79.491 GC heap before
{Heap before GC invocations=47 (full 0):
 garbage-first heap   total 328704K, used 268764K [0x0000000080000000, 0x0000000100000000)
  region size 1024K, 106 young (108544K), 7 survivors (7168K)
 Metaspace       used 130060K, capacity 133366K, committed 133580K, reserved 1165312K
  class space    used 16049K, capacity 17307K, committed 17356K, reserved 1048576K
}
Event: 79.506 GC heap after
{Heap after GC invocations=48 (full 0):
 garbage-first heap   total 328704K, used 162336K [0x0000000080000000, 0x0000000100000000)
  region size 1024K, 7 young (7168K), 7 survivors (7168K)
 Metaspace       used 130060K, capacity 133366K, committed 133580K, reserved 1165312K
  class space    used 16049K, capacity 17307K, committed 17356K, reserved 1048576K
}
Event: 149.740 GC heap before
{Heap before GC invocations=48 (full 0):
 garbage-first heap   total 328704K, used 264736K [0x0000000080000000, 0x0000000100000000)
  region size 1024K, 108 young (110592K), 7 survivors (7168K)
 Metaspace       used 130733K, capacity 134065K, committed 134220K, reserved 1165312K
  class space    used 16081K, capacity 17364K, committed 17484K, reserved 1048576K
}
Event: 149.753 GC heap after
{Heap after GC invocations=49 (full 0):
 garbage-first heap   total 328704K, used 162814K [0x0000000080000000, 0x0000000100000000)
  region size 1024K, 7 young (7168K), 7 survivors (7168K)
 Metaspace       used 130733K, capacity 134065K, committed 134220K, reserved 1165312K
  class space    used 16081K, capacity 17364K, committed 17484K, reserved 1048576K
}
Event: 190.105 GC heap before
{Heap before GC invocations=49 (full 0):
 garbage-first heap   total 328704K, used 270334K [0x0000000080000000, 0x0000000100000000)
  region size 1024K, 110 young (112640K), 7 survivors (7168K)
 Metaspace       used 131304K, capacity 134794K, committed 134988K, reserved 1167360K
  class space    used 16104K, capacity 17408K, committed 17484K, reserved 1048576K
}
Event: 190.128 GC heap after
{Heap after GC invocations=50 (full 0):
 garbage-first heap   total 328704K, used 172752K [0x0000000080000000, 0x0000000100000000)
  region size 1024K, 14 young (14336K), 14 survivors (14336K)
 Metaspace       used 131304K, capacity 134794K, committed 134988K, reserved 1167360K
  class space    used 16104K, capacity 17408K, committed 17484K, reserved 1048576K
}
Event: 248.949 GC heap before
{Heap before GC invocations=50 (full 0):
 garbage-first heap   total 328704K, used 283344K [0x0000000080000000, 0x0000000100000000)
  region size 1024K, 102 young (104448K), 14 survivors (14336K)
 Metaspace       used 131474K, capacity 134970K, committed 135244K, reserved 1167360K
  class space    used 16109K, capacity 17417K, committed 17484K, reserved 1048576K
}
Event: 248.964 GC heap after
{Heap after GC invocations=51 (full 0):
 garbage-first heap   total 328704K, used 172493K [0x0000000080000000, 0x0000000100000000)
  region size 1024K, 6 young (6144K), 6 survivors (6144K)
 Metaspace       used 131474K, capacity 134970K, committed 135244K, reserved 1167360K
  class space    used 16109K, capacity 17417K, committed 17484K, reserved 1048576K
}
Event: 250.201 GC heap before
{Heap before GC invocations=51 (full 0):
 garbage-first heap   total 328704K, used 265677K [0x0000000080000000, 0x0000000100000000)
  region size 1024K, 96 young (98304K), 6 survivors (6144K)
 Metaspace       used 132687K, capacity 136625K, committed 136908K, reserved 1169408K
  class space    used 16315K, capacity 17768K, committed 17868K, reserved 1048576K
}
Event: 250.218 GC heap after
{Heap after GC invocations=52 (full 0):
 garbage-first heap   total 328704K, used 177708K [0x0000000080000000, 0x0000000100000000)
  region size 1024K, 9 young (9216K), 9 survivors (9216K)
 Metaspace       used 132687K, capacity 136625K, committed 136908K, reserved 1169408K
  class space    used 16315K, capacity 17768K, committed 17868K, reserved 1048576K
}
Event: 325.677 GC heap before
{Heap before GC invocations=52 (full 0):
 garbage-first heap   total 328704K, used 273964K [0x0000000080000000, 0x0000000100000000)
  region size 1024K, 98 young (100352K), 9 survivors (9216K)
 Metaspace       used 132983K, capacity 136969K, committed 137164K, reserved 1169408K
  class space    used 16316K, capacity 17770K, committed 17868K, reserved 1048576K
}
Event: 325.688 GC heap after
{Heap after GC invocations=53 (full 0):
 garbage-first heap   total 328704K, used 174967K [0x0000000080000000, 0x0000000100000000)
  region size 1024K, 6 young (6144K), 6 survivors (6144K)
 Metaspace       used 132983K, capacity 136969K, committed 137164K, reserved 1169408K
  class space    used 16316K, capacity 17770K, committed 17868K, reserved 1048576K
}
Event: 327.255 GC heap before
{Heap before GC invocations=53 (full 0):
 garbage-first heap   total 328704K, used 285559K [0x0000000080000000, 0x0000000100000000)
  region size 1024K, 98 young (100352K), 6 survivors (6144K)
 Metaspace       used 133103K, capacity 137048K, committed 137164K, reserved 1169408K
  class space    used 16319K, capacity 17772K, committed 17868K, reserved 1048576K
}
Event: 327.275 GC heap after
{Heap after GC invocations=54 (full 0):
 garbage-first heap   total 328704K, used 178213K [0x0000000080000000, 0x0000000100000000)
  region size 1024K, 9 young (9216K), 9 survivors (9216K)
 Metaspace       used 133103K, capacity 137048K, committed 137164K, reserved 1169408K
  class space    used 16319K, capacity 17772K, committed 17868K, reserved 1048576K
}
Event: 338.451 GC heap before
{Heap before GC invocations=54 (full 0):
 garbage-first heap   total 328704K, used 294949K [0x0000000080000000, 0x0000000100000000)
  region size 1024K, 101 young (103424K), 9 survivors (9216K)
 Metaspace       used 133259K, capacity 137187K, committed 137420K, reserved 1169408K
  class space    used 16320K, capacity 17773K, committed 17868K, reserved 1048576K
}
Event: 338.466 GC heap after
{Heap after GC invocations=55 (full 0):
 garbage-first heap   total 328704K, used 179689K [0x0000000080000000, 0x0000000100000000)
  region size 1024K, 9 young (9216K), 9 survivors (9216K)
 Metaspace       used 133259K, capacity 137187K, committed 137420K, reserved 1169408K
  class space    used 16320K, capacity 17773K, committed 17868K, reserved 1048576K
}
Event: 393.237 GC heap before
{Heap before GC invocations=55 (full 0):
 garbage-first heap   total 328704K, used 279017K [0x0000000080000000, 0x0000000100000000)
  region size 1024K, 99 young (101376K), 9 survivors (9216K)
 Metaspace       used 133400K, capacity 137330K, committed 137676K, reserved 1169408K
  class space    used 16321K, capacity 17775K, committed 17868K, reserved 1048576K
}
Event: 393.247 GC heap after
{Heap after GC invocations=56 (full 0):
 garbage-first heap   total 328704K, used 181025K [0x0000000080000000, 0x0000000100000000)
  region size 1024K, 7 young (7168K), 7 survivors (7168K)
 Metaspace       used 133400K, capacity 137330K, committed 137676K, reserved 1169408K
  class space    used 16321K, capacity 17775K, committed 17868K, reserved 1048576K
}
Event: 1416.813 GC heap before
{Heap before GC invocations=56 (full 0):
 garbage-first heap   total 328704K, used 292641K [0x0000000080000000, 0x0000000100000000)
  region size 1024K, 96 young (98304K), 7 survivors (7168K)
 Metaspace       used 134180K, capacity 138127K, committed 138316K, reserved 1169408K
  class space    used 16411K, capacity 17896K, committed 17996K, reserved 1048576K
}
Event: 1416.819 GC heap after
{Heap after GC invocations=57 (full 0):
 garbage-first heap   total 328704K, used 195026K [0x0000000080000000, 0x0000000100000000)
  region size 1024K, 5 young (5120K), 5 survivors (5120K)
 Metaspace       used 134180K, capacity 138127K, committed 138316K, reserved 1169408K
  class space    used 16411K, capacity 17896K, committed 17996K, reserved 1048576K
}

